This is pdfTeX, Version 3.14159265-2.6-1.40.19 (TeX Live 2018/Arch Linux) (preloaded format=pdflatex 2018.9.5)  5 SEP 2018 11:11
entering extended mode
 restricted \write18 enabled.
 %&-line parsing enabled.
**project_1_writeup.tex
(./project_1_writeup.tex
LaTeX2e <2018-04-01> patch level 2
Babel <3.18> and hyphenation patterns for 84 language(s) loaded.
(/usr/share/texmf-dist/tex/latex/base/article.cls
Document Class: article 2014/09/29 v1.4h Standard LaTeX document class
(/usr/share/texmf-dist/tex/latex/base/size11.clo
File: size11.clo 2014/09/29 v1.4h Standard LaTeX file (size option)
)
\c@part=\count80
\c@section=\count81
\c@subsection=\count82
\c@subsubsection=\count83
\c@paragraph=\count84
\c@subparagraph=\count85
\c@figure=\count86
\c@table=\count87
\abovecaptionskip=\skip41
\belowcaptionskip=\skip42
\bibindent=\dimen102
) (./project_1_writeup.aux)
\openout1 = `project_1_writeup.aux'.

LaTeX Font Info:    Checking defaults for OML/cmm/m/it on input line 3.
LaTeX Font Info:    ... okay on input line 3.
LaTeX Font Info:    Checking defaults for T1/cmr/m/n on input line 3.
LaTeX Font Info:    ... okay on input line 3.
LaTeX Font Info:    Checking defaults for OT1/cmr/m/n on input line 3.
LaTeX Font Info:    ... okay on input line 3.
LaTeX Font Info:    Checking defaults for OMS/cmsy/m/n on input line 3.
LaTeX Font Info:    ... okay on input line 3.
LaTeX Font Info:    Checking defaults for OMX/cmex/m/n on input line 3.
LaTeX Font Info:    ... okay on input line 3.
LaTeX Font Info:    Checking defaults for U/cmr/m/n on input line 3.
LaTeX Font Info:    ... okay on input line 3.
LaTeX Font Info:    External font `cmex10' loaded for size
(Font)              <12> on input line 7.
LaTeX Font Info:    External font `cmex10' loaded for size
(Font)              <8> on input line 7.
LaTeX Font Info:    External font `cmex10' loaded for size
(Font)              <6> on input line 7.
LaTeX Font Info:    External font `cmex10' loaded for size
(Font)              <10.95> on input line 10.
LaTeX Font Info:    Try loading font information for OMS+cmr on input line 18.

(/usr/share/texmf-dist/tex/latex/base/omscmr.fd
File: omscmr.fd 2014/09/29 v2.5h Standard LaTeX font definitions
)
LaTeX Font Info:    Font shape `OMS/cmr/m/n' in size <10.95> not available
(Font)              Font shape `OMS/cmsy/m/n' tried instead on input line 18.
 [1

{/var/lib/texmf/fonts/map/pdftex/updmap/pdftex.map}]
Overfull \hbox (13.6647pt too wide) in paragraph at lines 114--114
[]\OT1/cmtt/m/n/10.95 int StatisticallyRandomSubsets::partition(std::vector<int
> & arr,[] 
 []

[2]
Overfull \hbox (105.6437pt too wide) in paragraph at lines 114--114
[]  \OT1/cmtt/m/n/10.95 std::chrono::steady_clock::time_point begin = std::chro
no::steady_clock::now();[] 
 []


Overfull \hbox (94.14633pt too wide) in paragraph at lines 114--114
[]  \OT1/cmtt/m/n/10.95 std::chrono::steady_clock::time_point end = std::chrono
::steady_clock::now();[] 
 []

[3]
Overfull \hbox (53.90552pt too wide) in paragraph at lines 114--114
[]  \OT1/cmtt/m/n/10.95 std::cout << "-----------------------------------------
" << std::endl;[] 
 []


Overfull \hbox (82.64896pt too wide) in paragraph at lines 114--114
[]   \OT1/cmtt/m/n/10.95 std::chrono::duration_cast<std::chrono::microseconds>(
end - begin).count()[] 
 []


Overfull \hbox (82.64896pt too wide) in paragraph at lines 114--114
[]   \OT1/cmtt/m/n/10.95 std::chrono::duration_cast<std::chrono::nanoseconds> (
end - begin).count()[] 
 []

[4] (./project_1_writeup.aux) ) 
Here is how much of TeX's memory you used:
 249 strings out of 492649
 2860 string characters out of 6135779
 62909 words of memory out of 5000000
 4204 multiletter control sequences out of 15000+600000
 8364 words of font info for 30 fonts, out of 8000000 for 9000
 1141 hyphenation exceptions out of 8191
 21i,6n,19p,793b,246s stack positions out of 5000i,500n,10000p,200000b,80000s
</usr/share/texmf-dist/fonts/type1/public/amsfon
ts/cm/cmbx12.pfb></usr/share/texmf-dist/fonts/type1/public/amsfonts/cm/cmmi10.p
fb></usr/share/texmf-dist/fonts/type1/public/amsfonts/cm/cmr10.pfb></usr/share/
texmf-dist/fonts/type1/public/amsfonts/cm/cmr12.pfb></usr/share/texmf-dist/font
s/type1/public/amsfonts/cm/cmr17.pfb></usr/share/texmf-dist/fonts/type1/public/
amsfonts/cm/cmsy10.pfb></usr/share/texmf-dist/fonts/type1/public/amsfonts/cm/cm
tt10.pfb>
Output written on project_1_writeup.pdf (4 pages, 89105 bytes).
PDF statistics:
 45 PDF objects out of 1000 (max. 8388607)
 31 compressed objects within 1 object stream
 0 named destinations out of 1000 (max. 500000)
 1 words of extra memory for PDF output out of 10000 (max. 10000000)

